0 verbose cli C:\Program Files\nodejs\node.exe C:\Users\tatii\AppData\Roaming\npm\node_modules\npm\bin\npm-cli.js
1 info using npm@10.9.0
2 info using node@v20.11.0
3 silly config load:file:C:\Users\tatii\AppData\Roaming\npm\node_modules\npm\npmrc
4 silly config load:file:C:\Users\tatii\OneDrive\Área de Trabalho\Meus Projetos\Ecommerce\my-store\.npmrc
5 silly config load:file:C:\Users\tatii\.npmrc
6 silly config load:file:C:\Users\tatii\AppData\Roaming\npm\etc\npmrc
7 verbose title npm i @rocketseat/eslint-config
8 verbose argv "i" "@rocketseat/eslint-config" "--save-dev"
9 verbose logfile logs-max:10 dir:C:\Users\tatii\OneDrive\Área de Trabalho\Meus Projetos\Ecommerce\my-store\clean\_logs\2024-11-05T19_16_03_119Z-
10 verbose logfile C:\Users\tatii\OneDrive\Área de Trabalho\Meus Projetos\Ecommerce\my-store\clean\_logs\2024-11-05T19_16_03_119Z-debug-0.log
11 silly logfile done cleaning log files
12 silly packumentCache heap:2197815296 maxSize:549453824 maxEntrySize:274726912
13 silly idealTree buildDeps
14 silly fetch manifest @rocketseat/eslint-config@*
15 silly packumentCache full:https://registry.npmjs.org/@rocketseat%2feslint-config cache-miss
16 http fetch GET 200 https://registry.npmjs.org/npm 860ms
17 http fetch GET 200 https://registry.npmjs.org/@rocketseat%2feslint-config 1775ms (cache miss)
18 silly packumentCache full:https://registry.npmjs.org/@rocketseat%2feslint-config set size:undefined disposed:false
19 silly placeDep ROOT @rocketseat/eslint-config@2.2.2 OK for: my-store@0.1.0 want: *
20 silly fetch manifest prettier@^3.2.5
21 silly packumentCache full:https://registry.npmjs.org/prettier cache-miss
22 silly fetch manifest eslint-plugin-n@^16.6.2
23 silly packumentCache full:https://registry.npmjs.org/eslint-plugin-n cache-miss
24 silly fetch manifest eslint-plugin-promise@^6.1.1
25 silly packumentCache full:https://registry.npmjs.org/eslint-plugin-promise cache-miss
26 silly fetch manifest eslint-config-prettier@^9.1.0
27 silly packumentCache full:https://registry.npmjs.org/eslint-config-prettier cache-miss
28 silly fetch manifest eslint-config-standard@^17.1.0
29 silly packumentCache full:https://registry.npmjs.org/eslint-config-standard cache-miss
30 silly fetch manifest eslint-plugin-prettier@^5.1.3
31 silly packumentCache full:https://registry.npmjs.org/eslint-plugin-prettier cache-miss
32 silly fetch manifest @typescript-eslint/parser@^6.21.0
33 silly packumentCache full:https://registry.npmjs.org/@typescript-eslint%2fparser cache-miss
34 http fetch GET 200 https://registry.npmjs.org/eslint-plugin-n 107ms (cache miss)
35 silly packumentCache full:https://registry.npmjs.org/eslint-plugin-n set size:undefined disposed:false
36 silly fetch manifest eslint-plugin-react-hooks@^4.6.0
37 silly packumentCache full:https://registry.npmjs.org/eslint-plugin-react-hooks cache-miss
38 http fetch GET 200 https://registry.npmjs.org/prettier 114ms (cache miss)
39 silly packumentCache full:https://registry.npmjs.org/prettier set size:undefined disposed:false
40 silly fetch manifest @typescript-eslint/eslint-plugin@^6.21.0
41 silly packumentCache full:https://registry.npmjs.org/@typescript-eslint%2feslint-plugin cache-miss
42 http fetch GET 200 https://registry.npmjs.org/eslint-plugin-react-hooks 803ms (cache miss)
43 silly packumentCache full:https://registry.npmjs.org/eslint-plugin-react-hooks set size:undefined disposed:false
44 http fetch GET 200 https://registry.npmjs.org/@typescript-eslint%2feslint-plugin 1031ms (cache miss)
45 silly packumentCache full:https://registry.npmjs.org/@typescript-eslint%2feslint-plugin set size:undefined disposed:false
46 http fetch GET 200 https://registry.npmjs.org/eslint-plugin-prettier 1332ms (cache miss)
47 silly packumentCache full:https://registry.npmjs.org/eslint-plugin-prettier set size:undefined disposed:false
48 http fetch GET 200 https://registry.npmjs.org/eslint-plugin-promise 1337ms (cache miss)
49 silly packumentCache full:https://registry.npmjs.org/eslint-plugin-promise set size:undefined disposed:false
50 http fetch GET 200 https://registry.npmjs.org/eslint-config-standard 1344ms (cache miss)
51 silly packumentCache full:https://registry.npmjs.org/eslint-config-standard set size:undefined disposed:false
52 http fetch GET 200 https://registry.npmjs.org/eslint-config-prettier 1350ms (cache miss)
53 silly packumentCache full:https://registry.npmjs.org/eslint-config-prettier set size:undefined disposed:false
54 http fetch GET 200 https://registry.npmjs.org/@typescript-eslint%2fparser 3089ms (cache miss)
55 silly packumentCache full:https://registry.npmjs.org/@typescript-eslint%2fparser set size:undefined disposed:false
56 silly placeDep node_modules/@rocketseat/eslint-config @typescript-eslint/eslint-plugin@6.21.0 OK for: @rocketseat/eslint-config@2.2.2 want: ^6.21.0
57 silly placeDep node_modules/@rocketseat/eslint-config @typescript-eslint/parser@6.21.0 OK for: @rocketseat/eslint-config@2.2.2 want: ^6.21.0
58 silly placeDep ROOT eslint-config-prettier@9.1.0 OK for: @rocketseat/eslint-config@2.2.2 want: ^9.1.0
59 silly placeDep ROOT eslint-config-standard@17.1.0 OK for: @rocketseat/eslint-config@2.2.2 want: ^17.1.0
60 silly placeDep ROOT eslint-plugin-n@16.6.2 OK for: @rocketseat/eslint-config@2.2.2 want: ^16.6.2
61 silly placeDep ROOT eslint-plugin-prettier@5.2.1 OK for: @rocketseat/eslint-config@2.2.2 want: ^5.1.3
62 silly placeDep ROOT eslint-plugin-promise@6.6.0 OK for: @rocketseat/eslint-config@2.2.2 want: ^6.1.1
63 silly placeDep node_modules/@rocketseat/eslint-config eslint-plugin-react-hooks@4.6.2 OK for: @rocketseat/eslint-config@2.2.2 want: ^4.6.0
64 silly placeDep ROOT prettier@3.3.3 OK for: @rocketseat/eslint-config@2.2.2 want: ^3.2.5
65 silly fetch manifest @typescript-eslint/utils@6.21.0
66 silly packumentCache full:https://registry.npmjs.org/@typescript-eslint%2futils cache-miss
67 silly fetch manifest @typescript-eslint/type-utils@6.21.0
68 silly packumentCache full:https://registry.npmjs.org/@typescript-eslint%2ftype-utils cache-miss
69 silly fetch manifest @typescript-eslint/visitor-keys@6.21.0
70 silly packumentCache full:https://registry.npmjs.org/@typescript-eslint%2fvisitor-keys cache-miss
71 silly fetch manifest @typescript-eslint/scope-manager@6.21.0
72 silly packumentCache full:https://registry.npmjs.org/@typescript-eslint%2fscope-manager cache-miss
73 silly fetch manifest @typescript-eslint/types@6.21.0
74 silly packumentCache full:https://registry.npmjs.org/@typescript-eslint%2ftypes cache-miss
75 silly fetch manifest @typescript-eslint/visitor-keys@6.21.0
76 silly packumentCache full:https://registry.npmjs.org/@typescript-eslint%2fvisitor-keys cache-miss
77 silly fetch manifest @typescript-eslint/scope-manager@6.21.0
78 silly packumentCache full:https://registry.npmjs.org/@typescript-eslint%2fscope-manager cache-miss
79 http fetch GET 200 https://registry.npmjs.org/@typescript-eslint%2futils 1160ms (cache miss)
80 silly packumentCache full:https://registry.npmjs.org/@typescript-eslint%2futils set size:undefined disposed:false
81 silly fetch manifest @typescript-eslint/typescript-estree@6.21.0
82 silly packumentCache full:https://registry.npmjs.org/@typescript-eslint%2ftypescript-estree cache-miss
83 http fetch GET 200 https://registry.npmjs.org/@typescript-eslint%2ftype-utils 1249ms (cache miss)
84 silly packumentCache full:https://registry.npmjs.org/@typescript-eslint%2ftype-utils set size:undefined disposed:false
85 silly fetch manifest builtins@^5.0.1
86 silly packumentCache full:https://registry.npmjs.org/builtins cache-miss
87 http fetch GET 200 https://registry.npmjs.org/@typescript-eslint%2fscope-manager 1328ms (cache miss)
88 silly packumentCache full:https://registry.npmjs.org/@typescript-eslint%2fscope-manager set size:undefined disposed:false
89 silly fetch manifest is-builtin-module@^3.2.1
90 silly packumentCache full:https://registry.npmjs.org/is-builtin-module cache-miss
91 http fetch GET 200 https://registry.npmjs.org/builtins 164ms (cache miss)
92 silly packumentCache full:https://registry.npmjs.org/builtins set size:undefined disposed:false
93 silly fetch manifest eslint-plugin-es-x@^7.5.0
94 silly packumentCache full:https://registry.npmjs.org/eslint-plugin-es-x cache-miss
95 http fetch GET 200 https://registry.npmjs.org/eslint-plugin-es-x 99ms (cache miss)
96 silly packumentCache full:https://registry.npmjs.org/eslint-plugin-es-x set size:undefined disposed:false
97 silly fetch manifest prettier-linter-helpers@^1.0.0
98 silly packumentCache full:https://registry.npmjs.org/prettier-linter-helpers cache-miss
99 http fetch GET 200 https://registry.npmjs.org/is-builtin-module 249ms (cache miss)
100 silly packumentCache full:https://registry.npmjs.org/is-builtin-module set size:undefined disposed:false
101 silly fetch manifest synckit@^0.9.1
102 silly packumentCache full:https://registry.npmjs.org/synckit cache-miss
103 http fetch GET 200 https://registry.npmjs.org/prettier-linter-helpers 107ms (cache miss)
104 silly packumentCache full:https://registry.npmjs.org/prettier-linter-helpers set size:undefined disposed:false
105 http fetch GET 200 https://registry.npmjs.org/synckit 250ms (cache miss)
106 silly packumentCache full:https://registry.npmjs.org/synckit set size:undefined disposed:false
107 http fetch GET 200 https://registry.npmjs.org/@typescript-eslint%2ftypescript-estree 1611ms (cache miss)
108 silly packumentCache full:https://registry.npmjs.org/@typescript-eslint%2ftypescript-estree set size:undefined disposed:false
109 http fetch GET 200 https://registry.npmjs.org/@typescript-eslint%2ftypes 3237ms (cache miss)
110 silly packumentCache full:https://registry.npmjs.org/@typescript-eslint%2ftypes set size:undefined disposed:false
111 http fetch GET 200 https://registry.npmjs.org/@typescript-eslint%2fvisitor-keys 4160ms (cache miss)
112 silly packumentCache full:https://registry.npmjs.org/@typescript-eslint%2fvisitor-keys set size:undefined disposed:false
113 http fetch GET 200 https://registry.npmjs.org/@typescript-eslint%2fscope-manager 4576ms (cache miss)
114 silly packumentCache full:https://registry.npmjs.org/@typescript-eslint%2fscope-manager set size:undefined disposed:false
115 http fetch GET 200 https://registry.npmjs.org/@typescript-eslint%2fvisitor-keys 5389ms (cache miss)
116 silly packumentCache full:https://registry.npmjs.org/@typescript-eslint%2fvisitor-keys set size:undefined disposed:false
117 silly placeDep ROOT builtins@5.1.0 OK for: eslint-plugin-n@16.6.2 want: ^5.0.1
118 silly placeDep ROOT eslint-plugin-es-x@7.8.0 OK for: eslint-plugin-n@16.6.2 want: ^7.5.0
119 silly placeDep ROOT is-builtin-module@3.2.1 OK for: eslint-plugin-n@16.6.2 want: ^3.2.1
120 silly fetch manifest eslint-compat-utils@^0.5.1
121 silly packumentCache full:https://registry.npmjs.org/eslint-compat-utils cache-miss
122 silly fetch manifest builtin-modules@^3.3.0
123 silly packumentCache full:https://registry.npmjs.org/builtin-modules cache-miss
124 http fetch GET 200 https://registry.npmjs.org/eslint-compat-utils 144ms (cache miss)
125 silly packumentCache full:https://registry.npmjs.org/eslint-compat-utils set size:undefined disposed:false
126 http fetch GET 200 https://registry.npmjs.org/builtin-modules 537ms (cache miss)
127 silly packumentCache full:https://registry.npmjs.org/builtin-modules set size:undefined disposed:false
128 silly placeDep ROOT eslint-compat-utils@0.5.1 OK for: eslint-plugin-es-x@7.8.0 want: ^0.5.1
129 silly placeDep ROOT prettier-linter-helpers@1.0.0 OK for: eslint-plugin-prettier@5.2.1 want: ^1.0.0
130 silly placeDep ROOT synckit@0.9.2 OK for: eslint-plugin-prettier@5.2.1 want: ^0.9.1
131 silly fetch manifest fast-diff@^1.1.2
132 silly packumentCache full:https://registry.npmjs.org/fast-diff cache-miss
133 silly fetch manifest @pkgr/core@^0.1.0
134 silly packumentCache full:https://registry.npmjs.org/@pkgr%2fcore cache-miss
135 http fetch GET 200 https://registry.npmjs.org/fast-diff 225ms (cache miss)
136 silly packumentCache full:https://registry.npmjs.org/fast-diff set size:undefined disposed:false
137 http fetch GET 200 https://registry.npmjs.org/@pkgr%2fcore 333ms (cache miss)
138 silly packumentCache full:https://registry.npmjs.org/@pkgr%2fcore set size:undefined disposed:false
139 silly placeDep ROOT builtin-modules@3.3.0 OK for: is-builtin-module@3.2.1 want: ^3.3.0
140 silly placeDep ROOT fast-diff@1.3.0 OK for: prettier-linter-helpers@1.0.0 want: ^1.1.2
141 silly placeDep ROOT @pkgr/core@0.1.1 OK for: synckit@0.9.2 want: ^0.1.0
142 silly placeDep node_modules/@rocketseat/eslint-config @typescript-eslint/scope-manager@6.21.0 OK for: @typescript-eslint/eslint-plugin@6.21.0 want: 6.21.0
143 silly placeDep node_modules/@rocketseat/eslint-config @typescript-eslint/type-utils@6.21.0 OK for: @typescript-eslint/eslint-plugin@6.21.0 want: 6.21.0
144 silly placeDep node_modules/@rocketseat/eslint-config @typescript-eslint/utils@6.21.0 OK for: @typescript-eslint/eslint-plugin@6.21.0 want: 6.21.0
145 silly placeDep node_modules/@rocketseat/eslint-config @typescript-eslint/visitor-keys@6.21.0 OK for: @typescript-eslint/eslint-plugin@6.21.0 want: 6.21.0
146 silly fetch manifest @types/semver@^7.5.0
147 silly packumentCache full:https://registry.npmjs.org/@types%2fsemver cache-miss
148 silly fetch manifest @types/json-schema@^7.0.12
149 silly packumentCache full:https://registry.npmjs.org/@types%2fjson-schema cache-miss
150 http fetch GET 200 https://registry.npmjs.org/@types%2fjson-schema 263ms (cache miss)
151 silly packumentCache full:https://registry.npmjs.org/@types%2fjson-schema set size:undefined disposed:false
152 http fetch GET 200 https://registry.npmjs.org/@types%2fsemver 274ms (cache miss)
153 silly packumentCache full:https://registry.npmjs.org/@types%2fsemver set size:undefined disposed:false
154 silly placeDep node_modules/@rocketseat/eslint-config @typescript-eslint/types@6.21.0 OK for: @typescript-eslint/parser@6.21.0 want: 6.21.0
155 silly placeDep node_modules/@rocketseat/eslint-config @typescript-eslint/typescript-estree@6.21.0 OK for: @typescript-eslint/parser@6.21.0 want: 6.21.0
156 silly fetch manifest globby@^11.1.0
157 silly packumentCache full:https://registry.npmjs.org/globby cache-miss
158 silly fetch manifest minimatch@9.0.3
159 silly packumentCache full:https://registry.npmjs.org/minimatch cache-miss
160 http fetch GET 200 https://registry.npmjs.org/minimatch 174ms (cache miss)
161 silly packumentCache full:https://registry.npmjs.org/minimatch set size:undefined disposed:false
162 http fetch GET 200 https://registry.npmjs.org/globby 260ms (cache miss)
163 silly packumentCache full:https://registry.npmjs.org/globby set size:undefined disposed:false
164 silly placeDep ROOT globby@11.1.0 OK for: @typescript-eslint/typescript-estree@6.21.0 want: ^11.1.0
165 silly placeDep node_modules/@rocketseat/eslint-config minimatch@9.0.3 OK for: @typescript-eslint/typescript-estree@6.21.0 want: 9.0.3
166 silly fetch manifest slash@^3.0.0
167 silly packumentCache full:https://registry.npmjs.org/slash cache-miss
168 silly fetch manifest dir-glob@^3.0.1
169 silly packumentCache full:https://registry.npmjs.org/dir-glob cache-miss
170 silly fetch manifest array-union@^2.1.0
171 silly packumentCache full:https://registry.npmjs.org/array-union cache-miss
172 silly fetch manifest brace-expansion@^2.0.1
173 silly packumentCache full:https://registry.npmjs.org/brace-expansion cache-miss
174 http fetch GET 200 https://registry.npmjs.org/dir-glob 123ms (cache miss)
175 silly packumentCache full:https://registry.npmjs.org/dir-glob set size:undefined disposed:false
176 http fetch GET 200 https://registry.npmjs.org/slash 255ms (cache miss)
177 silly packumentCache full:https://registry.npmjs.org/slash set size:undefined disposed:false
178 http fetch GET 200 https://registry.npmjs.org/array-union 254ms (cache miss)
179 silly packumentCache full:https://registry.npmjs.org/array-union set size:undefined disposed:false
180 http fetch GET 200 https://registry.npmjs.org/brace-expansion 257ms (cache miss)
181 silly packumentCache full:https://registry.npmjs.org/brace-expansion set size:undefined disposed:false
182 silly placeDep ROOT array-union@2.1.0 OK for: globby@11.1.0 want: ^2.1.0
183 silly placeDep ROOT dir-glob@3.0.1 OK for: globby@11.1.0 want: ^3.0.1
184 silly placeDep ROOT slash@3.0.0 OK for: globby@11.1.0 want: ^3.0.0
185 silly fetch manifest path-type@^4.0.0
186 silly packumentCache full:https://registry.npmjs.org/path-type cache-miss
187 http fetch GET 200 https://registry.npmjs.org/path-type 179ms (cache miss)
188 silly packumentCache full:https://registry.npmjs.org/path-type set size:undefined disposed:false
189 silly placeDep ROOT path-type@4.0.0 OK for: dir-glob@3.0.1 want: ^4.0.0
190 silly placeDep ROOT @types/json-schema@7.0.15 OK for: @typescript-eslint/utils@6.21.0 want: ^7.0.12
191 silly placeDep ROOT @types/semver@7.5.8 OK for: @typescript-eslint/utils@6.21.0 want: ^7.5.0
192 silly placeDep node_modules/@rocketseat/eslint-config brace-expansion@2.0.1 OK for: minimatch@9.0.3 want: ^2.0.1
193 silly reify moves {}
194 silly audit bulk request {
194 silly audit   '@alloc/quick-lru': [ '5.2.0' ],
194 silly audit   '@emnapi/runtime': [ '1.3.1' ],
194 silly audit   '@eslint-community/eslint-utils': [ '4.4.1' ],
194 silly audit   '@eslint-community/regexpp': [ '4.12.1' ],
194 silly audit   '@eslint/eslintrc': [ '2.1.4' ],
194 silly audit   '@eslint/js': [ '8.57.1' ],
194 silly audit   '@humanwhocodes/config-array': [ '0.13.0' ],
194 silly audit   '@humanwhocodes/module-importer': [ '1.0.1' ],
194 silly audit   '@humanwhocodes/object-schema': [ '2.0.3' ],
194 silly audit   '@img/sharp-darwin-arm64': [ '0.33.5' ],
194 silly audit   '@img/sharp-darwin-x64': [ '0.33.5' ],
194 silly audit   '@img/sharp-libvips-darwin-arm64': [ '1.0.4' ],
194 silly audit   '@img/sharp-libvips-darwin-x64': [ '1.0.4' ],
194 silly audit   '@img/sharp-libvips-linux-arm': [ '1.0.5' ],
194 silly audit   '@img/sharp-libvips-linux-arm64': [ '1.0.4' ],
194 silly audit   '@img/sharp-libvips-linux-s390x': [ '1.0.4' ],
194 silly audit   '@img/sharp-libvips-linux-x64': [ '1.0.4' ],
194 silly audit   '@img/sharp-libvips-linuxmusl-arm64': [ '1.0.4' ],
194 silly audit   '@img/sharp-libvips-linuxmusl-x64': [ '1.0.4' ],
194 silly audit   '@img/sharp-linux-arm': [ '0.33.5' ],
194 silly audit   '@img/sharp-linux-arm64': [ '0.33.5' ],
194 silly audit   '@img/sharp-linux-s390x': [ '0.33.5' ],
194 silly audit   '@img/sharp-linux-x64': [ '0.33.5' ],
194 silly audit   '@img/sharp-linuxmusl-arm64': [ '0.33.5' ],
194 silly audit   '@img/sharp-linuxmusl-x64': [ '0.33.5' ],
194 silly audit   '@img/sharp-wasm32': [ '0.33.5' ],
194 silly audit   '@img/sharp-win32-ia32': [ '0.33.5' ],
194 silly audit   '@img/sharp-win32-x64': [ '0.33.5' ],
194 silly audit   '@isaacs/cliui': [ '8.0.2' ],
194 silly audit   'ansi-regex': [ '6.1.0', '5.0.1' ],
194 silly audit   'strip-ansi': [ '7.1.0', '6.0.1' ],
194 silly audit   '@jridgewell/gen-mapping': [ '0.3.5' ],
194 silly audit   '@jridgewell/resolve-uri': [ '3.1.2' ],
194 silly audit   '@jridgewell/set-array': [ '1.2.1' ],
194 silly audit   '@jridgewell/sourcemap-codec': [ '1.5.0' ],
194 silly audit   '@jridgewell/trace-mapping': [ '0.3.25' ],
194 silly audit   '@next/env': [ '15.0.2' ],
194 silly audit   '@next/eslint-plugin-next': [ '15.0.2' ],
194 silly audit   '@next/swc-darwin-arm64': [ '15.0.2' ],
194 silly audit   '@next/swc-darwin-x64': [ '15.0.2' ],
194 silly audit   '@next/swc-linux-arm64-gnu': [ '15.0.2' ],
194 silly audit   '@next/swc-linux-arm64-musl': [ '15.0.2' ],
194 silly audit   '@next/swc-linux-x64-gnu': [ '15.0.2' ],
194 silly audit   '@next/swc-linux-x64-musl': [ '15.0.2' ],
194 silly audit   '@next/swc-win32-arm64-msvc': [ '15.0.2' ],
194 silly audit   '@next/swc-win32-x64-msvc': [ '15.0.2' ],
194 silly audit   '@nodelib/fs.scandir': [ '2.1.5' ],
194 silly audit   '@nodelib/fs.stat': [ '2.0.5' ],
194 silly audit   '@nodelib/fs.walk': [ '1.2.8' ],
194 silly audit   '@nolyfill/is-core-module': [ '1.0.39' ],
194 silly audit   '@pkgjs/parseargs': [ '0.11.0' ],
194 silly audit   '@rtsao/scc': [ '1.1.0' ],
194 silly audit   '@rushstack/eslint-patch': [ '1.10.4' ],
194 silly audit   '@swc/counter': [ '0.1.3' ],
194 silly audit   '@swc/helpers': [ '0.5.13' ],
194 silly audit   '@types/json5': [ '0.0.29' ],
194 silly audit   '@types/node': [ '20.17.6' ],
194 silly audit   '@types/prop-types': [ '15.7.13' ],
194 silly audit   '@types/react': [ '18.3.12' ],
194 silly audit   '@types/react-dom': [ '18.3.1' ],
194 silly audit   '@typescript-eslint/eslint-plugin': [ '8.13.0', '6.21.0' ],
194 silly audit   '@typescript-eslint/parser': [ '8.13.0', '6.21.0' ],
194 silly audit   '@typescript-eslint/scope-manager': [ '8.13.0', '6.21.0' ],
194 silly audit   '@typescript-eslint/type-utils': [ '8.13.0', '6.21.0' ],
194 silly audit   '@typescript-eslint/types': [ '8.13.0', '6.21.0' ],
194 silly audit   '@typescript-eslint/typescript-estree': [ '8.13.0', '6.21.0' ],
194 silly audit   'brace-expansion': [ '2.0.1', '1.1.11' ],
194 silly audit   'fast-glob': [ '3.3.2', '3.3.1' ],
194 silly audit   'glob-parent': [ '5.1.2', '6.0.2' ],
194 silly audit   minimatch: [ '9.0.5', '3.1.2', '9.0.3' ],
194 silly audit   '@typescript-eslint/utils': [ '8.13.0', '6.21.0' ],
194 silly audit   '@typescript-eslint/visitor-keys': [ '8.13.0', '6.21.0' ],
194 silly audit   '@ungap/structured-clone': [ '1.2.0' ],
194 silly audit   acorn: [ '8.14.0' ],
194 silly audit   'acorn-jsx': [ '5.3.2' ],
194 silly audit   ajv: [ '6.12.6' ],
194 silly audit   'ansi-styles': [ '4.3.0', '6.2.1' ],
194 silly audit   'any-promise': [ '1.3.0' ],
194 silly audit   anymatch: [ '3.1.3' ],
194 silly audit   arg: [ '5.0.2' ],
194 silly audit   argparse: [ '2.0.1' ],
194 silly audit   'aria-query': [ '5.3.2' ],
194 silly audit   'array-buffer-byte-length': [ '1.0.1' ],
194 silly audit   'array-includes': [ '3.1.8' ],
194 silly audit   'array.prototype.findlast': [ '1.2.5' ],
194 silly audit   'array.prototype.findlastindex': [ '1.2.5' ],
194 silly audit   'array.prototype.flat': [ '1.3.2' ],
194 silly audit   'array.prototype.flatmap': [ '1.3.2' ],
194 silly audit   'array.prototype.tosorted': [ '1.1.4' ],
194 silly audit   'arraybuffer.prototype.slice': [ '1.0.3' ],
194 silly audit   'ast-types-flow': [ '0.0.8' ],
194 silly audit   'available-typed-arrays': [ '1.0.7' ],
194 silly audit   'axe-core': [ '4.10.2' ],
194 silly audit   'axobject-query': [ '4.1.0' ],
194 silly audit   'balanced-match': [ '1.0.2' ],
194 silly audit   'binary-extensions': [ '2.3.0' ],
194 silly audit   braces: [ '3.0.3' ],
194 silly audit   busboy: [ '1.6.0' ],
194 silly audit   'call-bind': [ '1.0.7' ],
194 silly audit   callsites: [ '3.1.0' ],
194 silly audit   'camelcase-css': [ '2.0.1' ],
194 silly audit   'caniuse-lite': [ '1.0.30001677' ],
194 silly audit   chalk: [ '4.1.2' ],
194 silly audit   chokidar: [ '3.6.0' ],
194 silly audit   'client-only': [ '0.0.1' ],
194 silly audit   color: [ '4.2.3' ],
194 silly audit   'color-convert': [ '2.0.1' ],
194 silly audit   'color-name': [ '1.1.4' ],
194 silly audit   'color-string': [ '1.9.1' ],
194 silly audit   commander: [ '4.1.1' ],
194 silly audit   'concat-map': [ '0.0.1' ],
194 silly audit   'cross-spawn': [ '7.0.3' ],
194 silly audit   cssesc: [ '3.0.0' ],
194 silly audit   csstype: [ '3.1.3' ],
194 silly audit   'damerau-levenshtein': [ '1.0.8' ],
194 silly audit   'data-view-buffer': [ '1.0.1' ],
194 silly audit   'data-view-byte-length': [ '1.0.1' ],
194 silly audit   'data-view-byte-offset': [ '1.0.0' ],
194 silly audit   debug: [ '4.3.7', '3.2.7' ],
194 silly audit   'deep-is': [ '0.1.4' ],
194 silly audit   'define-data-property': [ '1.1.4' ],
194 silly audit   'define-properties': [ '1.2.1' ],
194 silly audit   'detect-libc': [ '2.0.3' ],
194 silly audit   didyoumean: [ '1.2.2' ],
194 silly audit   dlv: [ '1.1.3' ],
194 silly audit   doctrine: [ '3.0.0', '2.1.0' ],
194 silly audit   eastasianwidth: [ '0.2.0' ],
194 silly audit   'emoji-regex': [ '9.2.2', '8.0.0' ],
194 silly audit   'enhanced-resolve': [ '5.17.1' ],
194 silly audit   'es-abstract': [ '1.23.3' ],
194 silly audit   'es-define-property': [ '1.0.0' ],
194 silly audit   'es-errors': [ '1.3.0' ],
194 silly audit   'es-iterator-helpers': [ '1.2.0' ],
194 silly audit   'es-object-atoms': [ '1.0.0' ],
194 silly audit   'es-set-tostringtag': [ '2.0.3' ],
194 silly audit   'es-shim-unscopables': [ '1.0.2' ],
194 silly audit   'es-to-primitive': [ '1.2.1' ],
194 silly audit   'escape-string-regexp': [ '4.0.0' ],
194 silly audit   eslint: [ '8.57.1' ],
194 silly audit   'eslint-config-next': [ '15.0.2' ],
194 silly audit   'eslint-import-resolver-node': [ '0.3.9' ],
194 silly audit   'eslint-import-resolver-typescript': [ '3.6.3' ],
194 silly audit   'eslint-module-utils': [ '2.12.0' ],
194 silly audit   'eslint-plugin-import': [ '2.31.0' ],
194 silly audit   semver: [ '6.3.1', '7.6.3' ],
194 silly audit   'eslint-plugin-jsx-a11y': [ '6.10.2' ],
194 silly audit   'eslint-plugin-react': [ '7.37.2' ],
194 silly audit   'eslint-plugin-react-hooks': [ '5.0.0', '4.6.2' ],
194 silly audit   resolve: [ '2.0.0-next.5', '1.22.8' ],
194 silly audit   'eslint-scope': [ '7.2.2' ],
194 silly audit   'eslint-visitor-keys': [ '3.4.3' ],
194 silly audit   espree: [ '9.6.1' ],
194 silly audit   esquery: [ '1.6.0' ],
194 silly audit   esrecurse: [ '4.3.0' ],
194 silly audit   estraverse: [ '5.3.0' ],
194 silly audit   esutils: [ '2.0.3' ],
194 silly audit   'fast-deep-equal': [ '3.1.3' ],
194 silly audit   'fast-json-stable-stringify': [ '2.1.0' ],
194 silly audit   'fast-levenshtein': [ '2.0.6' ],
194 silly audit   fastq: [ '1.17.1' ],
194 silly audit   'file-entry-cache': [ '6.0.1' ],
194 silly audit   'fill-range': [ '7.1.1' ],
194 silly audit   'find-up': [ '5.0.0' ],
194 silly audit   'flat-cache': [ '3.2.0' ],
194 silly audit   flatted: [ '3.3.1' ],
194 silly audit   'for-each': [ '0.3.3' ],
194 silly audit   'foreground-child': [ '3.3.0' ],
194 silly audit   'fs.realpath': [ '1.0.0' ],
194 silly audit   fsevents: [ '2.3.3' ],
194 silly audit   'function-bind': [ '1.1.2' ],
194 silly audit   'function.prototype.name': [ '1.1.6' ],
194 silly audit   'functions-have-names': [ '1.2.3' ],
194 silly audit   'get-intrinsic': [ '1.2.4' ],
194 silly audit   'get-symbol-description': [ '1.0.2' ],
194 silly audit   'get-tsconfig': [ '4.8.1' ],
194 silly audit   glob: [ '7.2.3', '10.4.5' ],
194 silly audit   globals: [ '13.24.0' ],
194 silly audit   globalthis: [ '1.0.4' ],
194 silly audit   gopd: [ '1.0.1' ],
194 silly audit   'graceful-fs': [ '4.2.11' ],
194 silly audit   graphemer: [ '1.4.0' ],
194 silly audit   'has-bigints': [ '1.0.2' ],
194 silly audit   'has-flag': [ '4.0.0' ],
194 silly audit   'has-property-descriptors': [ '1.0.2' ],
194 silly audit   'has-proto': [ '1.0.3' ],
194 silly audit   'has-symbols': [ '1.0.3' ],
194 silly audit   'has-tostringtag': [ '1.0.2' ],
194 silly audit   hasown: [ '2.0.2' ],
194 silly audit   ignore: [ '5.3.2' ],
194 silly audit   'import-fresh': [ '3.3.0' ],
194 silly audit   imurmurhash: [ '0.1.4' ],
194 silly audit   inflight: [ '1.0.6' ],
194 silly audit   inherits: [ '2.0.4' ],
194 silly audit   'internal-slot': [ '1.0.7' ],
194 silly audit   'is-array-buffer': [ '3.0.4' ],
194 silly audit   'is-arrayish': [ '0.3.2' ],
194 silly audit   'is-async-function': [ '2.0.0' ],
194 silly audit   'is-bigint': [ '1.0.4' ],
194 silly audit   'is-binary-path': [ '2.1.0' ],
194 silly audit   'is-boolean-object': [ '1.1.2' ],
194 silly audit   'is-bun-module': [ '1.2.1' ],
194 silly audit   'is-callable': [ '1.2.7' ],
194 silly audit   'is-core-module': [ '2.15.1' ],
194 silly audit   'is-data-view': [ '1.0.1' ],
194 silly audit   'is-date-object': [ '1.0.5' ],
194 silly audit   'is-extglob': [ '2.1.1' ],
194 silly audit   'is-finalizationregistry': [ '1.0.2' ],
194 silly audit   'is-fullwidth-code-point': [ '3.0.0' ],
194 silly audit   'is-generator-function': [ '1.0.10' ],
194 silly audit   'is-glob': [ '4.0.3' ],
194 silly audit   'is-map': [ '2.0.3' ],
194 silly audit   'is-negative-zero': [ '2.0.3' ],
194 silly audit   'is-number': [ '7.0.0' ],
194 silly audit   'is-number-object': [ '1.0.7' ],
194 silly audit   'is-path-inside': [ '3.0.3' ],
194 silly audit   'is-regex': [ '1.1.4' ],
194 silly audit   'is-set': [ '2.0.3' ],
194 silly audit   'is-shared-array-buffer': [ '1.0.3' ],
194 silly audit   'is-string': [ '1.0.7' ],
194 silly audit   'is-symbol': [ '1.0.4' ],
194 silly audit   'is-typed-array': [ '1.1.13' ],
194 silly audit   'is-weakmap': [ '2.0.2' ],
194 silly audit   'is-weakref': [ '1.0.2' ],
194 silly audit   'is-weakset': [ '2.0.3' ],
194 silly audit   isarray: [ '2.0.5' ],
194 silly audit   isexe: [ '2.0.0' ],
194 silly audit   'iterator.prototype': [ '1.1.3' ],
194 silly audit   jackspeak: [ '3.4.3' ],
194 silly audit   jiti: [ '1.21.6' ],
194 silly audit   'js-tokens': [ '4.0.0' ],
194 silly audit   'js-yaml': [ '4.1.0' ],
194 silly audit   'json-buffer': [ '3.0.1' ],
194 silly audit   'json-schema-traverse': [ '0.4.1' ],
194 silly audit   'json-stable-stringify-without-jsonify': [ '1.0.1' ],
194 silly audit   json5: [ '1.0.2' ],
194 silly audit   'jsx-ast-utils': [ '3.3.5' ],
194 silly audit   keyv: [ '4.5.4' ],
194 silly audit   'language-subtag-registry': [ '0.3.23' ],
194 silly audit   'language-tags': [ '1.0.9' ],
194 silly audit   levn: [ '0.4.1' ],
194 silly audit   lilconfig: [ '2.1.0', '3.1.2' ],
194 silly audit   'lines-and-columns': [ '1.2.4' ],
194 silly audit   'locate-path': [ '6.0.0' ],
194 silly audit   'lodash.merge': [ '4.6.2' ],
194 silly audit   'loose-envify': [ '1.4.0' ],
194 silly audit   'lru-cache': [ '10.4.3' ],
194 silly audit   merge2: [ '1.4.1' ],
194 silly audit   micromatch: [ '4.0.8' ],
194 silly audit   minimist: [ '1.2.8' ],
194 silly audit   minipass: [ '7.1.2' ],
194 silly audit   ms: [ '2.1.3' ],
194 silly audit   mz: [ '2.7.0' ],
194 silly audit   nanoid: [ '3.3.7' ],
194 silly audit   'natural-compare': [ '1.4.0' ],
194 silly audit   next: [ '15.0.2' ],
194 silly audit   postcss: [ '8.4.31', '8.4.47' ],
194 silly audit   'normalize-path': [ '3.0.0' ],
194 silly audit   'object-assign': [ '4.1.1' ],
194 silly audit   'object-hash': [ '3.0.0' ],
194 silly audit   'object-inspect': [ '1.13.2' ],
194 silly audit   'object-keys': [ '1.1.1' ],
194 silly audit   'object.assign': [ '4.1.5' ],
194 silly audit   'object.entries': [ '1.1.8' ],
194 silly audit   'object.fromentries': [ '2.0.8' ],
194 silly audit   'object.groupby': [ '1.0.3' ],
194 silly audit   'object.values': [ '1.2.0' ],
194 silly audit   once: [ '1.4.0' ],
194 silly audit   optionator: [ '0.9.4' ],
194 silly audit   'p-limit': [ '3.1.0' ],
194 silly audit   'p-locate': [ '5.0.0' ],
194 silly audit   'package-json-from-dist': [ '1.0.1' ],
194 silly audit   'parent-module': [ '1.0.1' ],
194 silly audit   'path-exists': [ '4.0.0' ],
194 silly audit   'path-is-absolute': [ '1.0.1' ],
194 silly audit   'path-key': [ '3.1.1' ],
194 silly audit   'path-parse': [ '1.0.7' ],
194 silly audit   'path-scurry': [ '1.11.1' ],
194 silly audit   picocolors: [ '1.1.1' ],
194 silly audit   picomatch: [ '2.3.1' ],
194 silly audit   pify: [ '2.3.0' ],
194 silly audit   pirates: [ '4.0.6' ],
194 silly audit   'possible-typed-array-names': [ '1.0.0' ],
194 silly audit   'postcss-import': [ '15.1.0' ],
194 silly audit   'postcss-js': [ '4.0.1' ],
194 silly audit   'postcss-load-config': [ '4.0.2' ],
194 silly audit   'postcss-nested': [ '6.2.0' ],
194 silly audit   'postcss-selector-parser': [ '6.1.2' ],
194 silly audit   'postcss-value-parser': [ '4.2.0' ],
194 silly audit   'prelude-ls': [ '1.2.1' ],
194 silly audit   'prop-types': [ '15.8.1' ],
194 silly audit   punycode: [ '2.3.1' ],
194 silly audit   'queue-microtask': [ '1.2.3' ],
194 silly audit   react: [ '19.0.0-rc-02c0e824-20241028' ],
194 silly audit   'react-dom': [ '19.0.0-rc-02c0e824-20241028' ],
194 silly audit   'react-is': [ '16.13.1' ],
194 silly audit   'read-cache': [ '1.0.0' ],
194 silly audit   readdirp: [ '3.6.0' ],
194 silly audit   'reflect.getprototypeof': [ '1.0.6' ],
194 silly audit   'regexp.prototype.flags': [ '1.5.3' ],
194 silly audit   'resolve-from': [ '4.0.0' ],
194 silly audit   'resolve-pkg-maps': [ '1.0.0' ],
194 silly audit   reusify: [ '1.0.4' ],
194 silly audit   rimraf: [ '3.0.2' ],
194 silly audit   'run-parallel': [ '1.2.0' ],
194 silly audit   'safe-array-concat': [ '1.1.2' ],
194 silly audit   'safe-regex-test': [ '1.0.3' ],
194 silly audit   scheduler: [ '0.25.0-rc-02c0e824-20241028' ],
194 silly audit   'set-function-length': [ '1.2.2' ],
194 silly audit   'set-function-name': [ '2.0.2' ],
194 silly audit   sharp: [ '0.33.5' ],
194 silly audit   'shebang-command': [ '2.0.0' ],
194 silly audit   'shebang-regex': [ '3.0.0' ],
194 silly audit   'side-channel': [ '1.0.6' ],
194 silly audit   'signal-exit': [ '4.1.0' ],
194 silly audit   'simple-swizzle': [ '0.2.2' ],
194 silly audit   'source-map-js': [ '1.2.1' ],
194 silly audit   streamsearch: [ '1.1.0' ],
194 silly audit   'string-width': [ '5.1.2', '4.2.3' ],
194 silly audit   'string.prototype.includes': [ '2.0.1' ],
194 silly audit   'string.prototype.matchall': [ '4.0.11' ],
194 silly audit   'string.prototype.repeat': [ '1.0.0' ],
194 silly audit   'string.prototype.trim': [ '1.2.9' ],
194 silly audit   'string.prototype.trimend': [ '1.0.8' ],
194 silly audit   'string.prototype.trimstart': [ '1.0.8' ],
194 silly audit   'strip-bom': [ '3.0.0' ],
194 silly audit   'strip-json-comments': [ '3.1.1' ],
194 silly audit   'styled-jsx': [ '5.1.6' ],
194 silly audit   sucrase: [ '3.35.0' ],
194 silly audit   'supports-color': [ '7.2.0' ],
194 silly audit   'supports-preserve-symlinks-flag': [ '1.0.0' ],
194 silly audit   tailwindcss: [ '3.4.14' ],
194 silly audit   tapable: [ '2.2.1' ],
194 silly audit   'text-table': [ '0.2.0' ],
194 silly audit   thenify: [ '3.3.1' ],
194 silly audit   'thenify-all': [ '1.6.0' ],
194 silly audit   'to-regex-range': [ '5.0.1' ],
194 silly audit   'ts-api-utils': [ '1.4.0' ],
194 silly audit   'ts-interface-checker': [ '0.1.13' ],
194 silly audit   'tsconfig-paths': [ '3.15.0' ],
194 silly audit   tslib: [ '2.8.1' ],
194 silly audit   'type-check': [ '0.4.0' ],
194 silly audit   'type-fest': [ '0.20.2' ],
194 silly audit   'typed-array-buffer': [ '1.0.2' ],
194 silly audit   'typed-array-byte-length': [ '1.0.1' ],
194 silly audit   'typed-array-byte-offset': [ '1.0.2' ],
194 silly audit   'typed-array-length': [ '1.0.6' ],
194 silly audit   typescript: [ '5.6.3' ],
194 silly audit   'unbox-primitive': [ '1.0.2' ],
194 silly audit   'undici-types': [ '6.19.8' ],
194 silly audit   'uri-js': [ '4.4.1' ],
194 silly audit   'util-deprecate': [ '1.0.2' ],
194 silly audit   which: [ '2.0.2' ],
194 silly audit   'which-boxed-primitive': [ '1.0.2' ],
194 silly audit   'which-builtin-type': [ '1.1.4' ],
194 silly audit   'which-collection': [ '1.0.2' ],
194 silly audit   'which-typed-array': [ '1.1.15' ],
194 silly audit   'word-wrap': [ '1.2.5' ],
194 silly audit   'wrap-ansi': [ '8.1.0', '7.0.0' ],
194 silly audit   wrappy: [ '1.0.2' ],
194 silly audit   yaml: [ '2.6.0' ],
194 silly audit   'yocto-queue': [ '0.1.0' ],
194 silly audit   '@rocketseat/eslint-config': [ '2.2.2' ],
194 silly audit   'eslint-config-prettier': [ '9.1.0' ],
194 silly audit   'eslint-config-standard': [ '17.1.0' ],
194 silly audit   'eslint-plugin-n': [ '16.6.2' ],
194 silly audit   'eslint-plugin-prettier': [ '5.2.1' ],
194 silly audit   'eslint-plugin-promise': [ '6.6.0' ],
194 silly audit   prettier: [ '3.3.3' ],
194 silly audit   builtins: [ '5.1.0' ],
194 silly audit   'eslint-plugin-es-x': [ '7.8.0' ],
194 silly audit   'is-builtin-module': [ '3.2.1' ],
194 silly audit   'eslint-compat-utils': [ '0.5.1' ],
194 silly audit   'prettier-linter-helpers': [ '1.0.0' ],
194 silly audit   synckit: [ '0.9.2' ],
194 silly audit   'builtin-modules': [ '3.3.0' ],
194 silly audit   'fast-diff': [ '1.3.0' ],
194 silly audit   '@pkgr/core': [ '0.1.1' ],
194 silly audit   globby: [ '11.1.0' ],
194 silly audit   'array-union': [ '2.1.0' ],
194 silly audit   'dir-glob': [ '3.0.1' ],
194 silly audit   slash: [ '3.0.0' ],
194 silly audit   'path-type': [ '4.0.0' ],
194 silly audit   '@types/json-schema': [ '7.0.15' ],
194 silly audit   '@types/semver': [ '7.5.8' ]
194 silly audit }
195 verbose reify failed optional dependency C:\Users\tatii\OneDrive\Área de Trabalho\Meus Projetos\Ecommerce\my-store\node_modules\fsevents
196 silly reify mark deleted [
196 silly reify   'C:\\Users\\tatii\\OneDrive\\Área de Trabalho\\Meus Projetos\\Ecommerce\\my-store\\node_modules\\fsevents'
196 silly reify ]
197 verbose reify failed optional dependency C:\Users\tatii\OneDrive\Área de Trabalho\Meus Projetos\Ecommerce\my-store\node_modules\@next\swc-win32-arm64-msvc
198 silly reify mark deleted [
198 silly reify   'C:\\Users\\tatii\\OneDrive\\Área de Trabalho\\Meus Projetos\\Ecommerce\\my-store\\node_modules\\@next\\swc-win32-arm64-msvc'
198 silly reify ]
199 verbose reify failed optional dependency C:\Users\tatii\OneDrive\Área de Trabalho\Meus Projetos\Ecommerce\my-store\node_modules\@next\swc-linux-x64-musl
200 silly reify mark deleted [
200 silly reify   'C:\\Users\\tatii\\OneDrive\\Área de Trabalho\\Meus Projetos\\Ecommerce\\my-store\\node_modules\\@next\\swc-linux-x64-musl'
200 silly reify ]
201 verbose reify failed optional dependency C:\Users\tatii\OneDrive\Área de Trabalho\Meus Projetos\Ecommerce\my-store\node_modules\@next\swc-linux-x64-gnu
202 silly reify mark deleted [
202 silly reify   'C:\\Users\\tatii\\OneDrive\\Área de Trabalho\\Meus Projetos\\Ecommerce\\my-store\\node_modules\\@next\\swc-linux-x64-gnu'
202 silly reify ]
203 verbose reify failed optional dependency C:\Users\tatii\OneDrive\Área de Trabalho\Meus Projetos\Ecommerce\my-store\node_modules\@next\swc-linux-arm64-musl
204 silly reify mark deleted [
204 silly reify   'C:\\Users\\tatii\\OneDrive\\Área de Trabalho\\Meus Projetos\\Ecommerce\\my-store\\node_modules\\@next\\swc-linux-arm64-musl'
204 silly reify ]
205 verbose reify failed optional dependency C:\Users\tatii\OneDrive\Área de Trabalho\Meus Projetos\Ecommerce\my-store\node_modules\@next\swc-linux-arm64-gnu
206 silly reify mark deleted [
206 silly reify   'C:\\Users\\tatii\\OneDrive\\Área de Trabalho\\Meus Projetos\\Ecommerce\\my-store\\node_modules\\@next\\swc-linux-arm64-gnu'
206 silly reify ]
207 verbose reify failed optional dependency C:\Users\tatii\OneDrive\Área de Trabalho\Meus Projetos\Ecommerce\my-store\node_modules\@next\swc-darwin-x64
208 silly reify mark deleted [
208 silly reify   'C:\\Users\\tatii\\OneDrive\\Área de Trabalho\\Meus Projetos\\Ecommerce\\my-store\\node_modules\\@next\\swc-darwin-x64'
208 silly reify ]
209 verbose reify failed optional dependency C:\Users\tatii\OneDrive\Área de Trabalho\Meus Projetos\Ecommerce\my-store\node_modules\@next\swc-darwin-arm64
210 silly reify mark deleted [
210 silly reify   'C:\\Users\\tatii\\OneDrive\\Área de Trabalho\\Meus Projetos\\Ecommerce\\my-store\\node_modules\\@next\\swc-darwin-arm64'
210 silly reify ]
211 verbose reify failed optional dependency C:\Users\tatii\OneDrive\Área de Trabalho\Meus Projetos\Ecommerce\my-store\node_modules\@img\sharp-win32-ia32
212 silly reify mark deleted [
212 silly reify   'C:\\Users\\tatii\\OneDrive\\Área de Trabalho\\Meus Projetos\\Ecommerce\\my-store\\node_modules\\@img\\sharp-win32-ia32'
212 silly reify ]
213 verbose reify failed optional dependency C:\Users\tatii\OneDrive\Área de Trabalho\Meus Projetos\Ecommerce\my-store\node_modules\@img\sharp-wasm32
214 silly reify mark deleted [
214 silly reify   'C:\\Users\\tatii\\OneDrive\\Área de Trabalho\\Meus Projetos\\Ecommerce\\my-store\\node_modules\\@img\\sharp-wasm32'
214 silly reify ]
215 verbose reify failed optional dependency C:\Users\tatii\OneDrive\Área de Trabalho\Meus Projetos\Ecommerce\my-store\node_modules\@emnapi\runtime
216 silly reify mark deleted [
216 silly reify   'C:\\Users\\tatii\\OneDrive\\Área de Trabalho\\Meus Projetos\\Ecommerce\\my-store\\node_modules\\@emnapi\\runtime'
216 silly reify ]
217 verbose reify failed optional dependency C:\Users\tatii\OneDrive\Área de Trabalho\Meus Projetos\Ecommerce\my-store\node_modules\@img\sharp-linuxmusl-x64
218 silly reify mark deleted [
218 silly reify   'C:\\Users\\tatii\\OneDrive\\Área de Trabalho\\Meus Projetos\\Ecommerce\\my-store\\node_modules\\@img\\sharp-linuxmusl-x64'
218 silly reify ]
219 verbose reify failed optional dependency C:\Users\tatii\OneDrive\Área de Trabalho\Meus Projetos\Ecommerce\my-store\node_modules\@img\sharp-linuxmusl-arm64
220 silly reify mark deleted [
220 silly reify   'C:\\Users\\tatii\\OneDrive\\Área de Trabalho\\Meus Projetos\\Ecommerce\\my-store\\node_modules\\@img\\sharp-linuxmusl-arm64'
220 silly reify ]
221 verbose reify failed optional dependency C:\Users\tatii\OneDrive\Área de Trabalho\Meus Projetos\Ecommerce\my-store\node_modules\@img\sharp-linux-x64
222 silly reify mark deleted [
222 silly reify   'C:\\Users\\tatii\\OneDrive\\Área de Trabalho\\Meus Projetos\\Ecommerce\\my-store\\node_modules\\@img\\sharp-linux-x64'
222 silly reify ]
223 verbose reify failed optional dependency C:\Users\tatii\OneDrive\Área de Trabalho\Meus Projetos\Ecommerce\my-store\node_modules\@img\sharp-linux-s390x
224 silly reify mark deleted [
224 silly reify   'C:\\Users\\tatii\\OneDrive\\Área de Trabalho\\Meus Projetos\\Ecommerce\\my-store\\node_modules\\@img\\sharp-linux-s390x'
224 silly reify ]
225 verbose reify failed optional dependency C:\Users\tatii\OneDrive\Área de Trabalho\Meus Projetos\Ecommerce\my-store\node_modules\@img\sharp-linux-arm64
226 silly reify mark deleted [
226 silly reify   'C:\\Users\\tatii\\OneDrive\\Área de Trabalho\\Meus Projetos\\Ecommerce\\my-store\\node_modules\\@img\\sharp-linux-arm64'
226 silly reify ]
227 verbose reify failed optional dependency C:\Users\tatii\OneDrive\Área de Trabalho\Meus Projetos\Ecommerce\my-store\node_modules\@img\sharp-linux-arm
228 silly reify mark deleted [
228 silly reify   'C:\\Users\\tatii\\OneDrive\\Área de Trabalho\\Meus Projetos\\Ecommerce\\my-store\\node_modules\\@img\\sharp-linux-arm'
228 silly reify ]
229 verbose reify failed optional dependency C:\Users\tatii\OneDrive\Área de Trabalho\Meus Projetos\Ecommerce\my-store\node_modules\@img\sharp-libvips-linuxmusl-x64
230 silly reify mark deleted [
230 silly reify   'C:\\Users\\tatii\\OneDrive\\Área de Trabalho\\Meus Projetos\\Ecommerce\\my-store\\node_modules\\@img\\sharp-libvips-linuxmusl-x64'
230 silly reify ]
231 verbose reify failed optional dependency C:\Users\tatii\OneDrive\Área de Trabalho\Meus Projetos\Ecommerce\my-store\node_modules\@img\sharp-libvips-linuxmusl-arm64
232 silly reify mark deleted [
232 silly reify   'C:\\Users\\tatii\\OneDrive\\Área de Trabalho\\Meus Projetos\\Ecommerce\\my-store\\node_modules\\@img\\sharp-libvips-linuxmusl-arm64'
232 silly reify ]
233 verbose reify failed optional dependency C:\Users\tatii\OneDrive\Área de Trabalho\Meus Projetos\Ecommerce\my-store\node_modules\@img\sharp-libvips-linux-x64
234 silly reify mark deleted [
234 silly reify   'C:\\Users\\tatii\\OneDrive\\Área de Trabalho\\Meus Projetos\\Ecommerce\\my-store\\node_modules\\@img\\sharp-libvips-linux-x64'
234 silly reify ]
235 verbose reify failed optional dependency C:\Users\tatii\OneDrive\Área de Trabalho\Meus Projetos\Ecommerce\my-store\node_modules\@img\sharp-libvips-linux-s390x
236 silly reify mark deleted [
236 silly reify   'C:\\Users\\tatii\\OneDrive\\Área de Trabalho\\Meus Projetos\\Ecommerce\\my-store\\node_modules\\@img\\sharp-libvips-linux-s390x'
236 silly reify ]
237 verbose reify failed optional dependency C:\Users\tatii\OneDrive\Área de Trabalho\Meus Projetos\Ecommerce\my-store\node_modules\@img\sharp-libvips-linux-arm64
238 silly reify mark deleted [
238 silly reify   'C:\\Users\\tatii\\OneDrive\\Área de Trabalho\\Meus Projetos\\Ecommerce\\my-store\\node_modules\\@img\\sharp-libvips-linux-arm64'
238 silly reify ]
239 verbose reify failed optional dependency C:\Users\tatii\OneDrive\Área de Trabalho\Meus Projetos\Ecommerce\my-store\node_modules\@img\sharp-libvips-linux-arm
240 silly reify mark deleted [
240 silly reify   'C:\\Users\\tatii\\OneDrive\\Área de Trabalho\\Meus Projetos\\Ecommerce\\my-store\\node_modules\\@img\\sharp-libvips-linux-arm'
240 silly reify ]
241 verbose reify failed optional dependency C:\Users\tatii\OneDrive\Área de Trabalho\Meus Projetos\Ecommerce\my-store\node_modules\@img\sharp-libvips-darwin-x64
242 silly reify mark deleted [
242 silly reify   'C:\\Users\\tatii\\OneDrive\\Área de Trabalho\\Meus Projetos\\Ecommerce\\my-store\\node_modules\\@img\\sharp-libvips-darwin-x64'
242 silly reify ]
243 verbose reify failed optional dependency C:\Users\tatii\OneDrive\Área de Trabalho\Meus Projetos\Ecommerce\my-store\node_modules\@img\sharp-libvips-darwin-arm64
244 silly reify mark deleted [
244 silly reify   'C:\\Users\\tatii\\OneDrive\\Área de Trabalho\\Meus Projetos\\Ecommerce\\my-store\\node_modules\\@img\\sharp-libvips-darwin-arm64'
244 silly reify ]
245 verbose reify failed optional dependency C:\Users\tatii\OneDrive\Área de Trabalho\Meus Projetos\Ecommerce\my-store\node_modules\@img\sharp-darwin-x64
246 silly reify mark deleted [
246 silly reify   'C:\\Users\\tatii\\OneDrive\\Área de Trabalho\\Meus Projetos\\Ecommerce\\my-store\\node_modules\\@img\\sharp-darwin-x64'
246 silly reify ]
247 verbose reify failed optional dependency C:\Users\tatii\OneDrive\Área de Trabalho\Meus Projetos\Ecommerce\my-store\node_modules\@img\sharp-darwin-arm64
248 silly reify mark deleted [
248 silly reify   'C:\\Users\\tatii\\OneDrive\\Área de Trabalho\\Meus Projetos\\Ecommerce\\my-store\\node_modules\\@img\\sharp-darwin-arm64'
248 silly reify ]
249 silly tarball no local data for @types/json-schema@https://registry.npmjs.org/@types/json-schema/-/json-schema-7.0.15.tgz. Extracting by manifest.
250 silly tarball no local data for @types/semver@https://registry.npmjs.org/@types/semver/-/semver-7.5.8.tgz. Extracting by manifest.
251 silly tarball no local data for path-type@https://registry.npmjs.org/path-type/-/path-type-4.0.0.tgz. Extracting by manifest.
252 silly tarball no local data for slash@https://registry.npmjs.org/slash/-/slash-3.0.0.tgz. Extracting by manifest.
253 silly tarball no local data for dir-glob@https://registry.npmjs.org/dir-glob/-/dir-glob-3.0.1.tgz. Extracting by manifest.
254 silly tarball no local data for array-union@https://registry.npmjs.org/array-union/-/array-union-2.1.0.tgz. Extracting by manifest.
255 silly tarball no local data for globby@https://registry.npmjs.org/globby/-/globby-11.1.0.tgz. Extracting by manifest.
256 silly tarball no local data for @pkgr/core@https://registry.npmjs.org/@pkgr/core/-/core-0.1.1.tgz. Extracting by manifest.
257 silly tarball no local data for fast-diff@https://registry.npmjs.org/fast-diff/-/fast-diff-1.3.0.tgz. Extracting by manifest.
258 silly tarball no local data for builtin-modules@https://registry.npmjs.org/builtin-modules/-/builtin-modules-3.3.0.tgz. Extracting by manifest.
259 silly tarball no local data for eslint-compat-utils@https://registry.npmjs.org/eslint-compat-utils/-/eslint-compat-utils-0.5.1.tgz. Extracting by manifest.
260 silly tarball no local data for synckit@https://registry.npmjs.org/synckit/-/synckit-0.9.2.tgz. Extracting by manifest.
261 silly tarball no local data for is-builtin-module@https://registry.npmjs.org/is-builtin-module/-/is-builtin-module-3.2.1.tgz. Extracting by manifest.
262 silly tarball no local data for prettier-linter-helpers@https://registry.npmjs.org/prettier-linter-helpers/-/prettier-linter-helpers-1.0.0.tgz. Extracting by manifest.
263 silly tarball no local data for builtins@https://registry.npmjs.org/builtins/-/builtins-5.1.0.tgz. Extracting by manifest.
264 silly tarball no local data for eslint-plugin-es-x@https://registry.npmjs.org/eslint-plugin-es-x/-/eslint-plugin-es-x-7.8.0.tgz. Extracting by manifest.
265 silly tarball no local data for prettier@https://registry.npmjs.org/prettier/-/prettier-3.3.3.tgz. Extracting by manifest.
266 silly tarball no local data for eslint-plugin-promise@https://registry.npmjs.org/eslint-plugin-promise/-/eslint-plugin-promise-6.6.0.tgz. Extracting by manifest.
267 silly tarball no local data for eslint-config-standard@https://registry.npmjs.org/eslint-config-standard/-/eslint-config-standard-17.1.0.tgz. Extracting by manifest.
268 silly tarball no local data for eslint-plugin-prettier@https://registry.npmjs.org/eslint-plugin-prettier/-/eslint-plugin-prettier-5.2.1.tgz. Extracting by manifest.
269 silly tarball no local data for eslint-plugin-n@https://registry.npmjs.org/eslint-plugin-n/-/eslint-plugin-n-16.6.2.tgz. Extracting by manifest.
270 silly tarball no local data for @rocketseat/eslint-config@https://registry.npmjs.org/@rocketseat/eslint-config/-/eslint-config-2.2.2.tgz. Extracting by manifest.
271 silly tarball no local data for eslint-config-prettier@https://registry.npmjs.org/eslint-config-prettier/-/eslint-config-prettier-9.1.0.tgz. Extracting by manifest.
272 silly tarball no local data for @emnapi/runtime@https://registry.npmjs.org/@emnapi/runtime/-/runtime-1.3.1.tgz. Extracting by manifest.
273 silly tarball no local data for brace-expansion@https://registry.npmjs.org/brace-expansion/-/brace-expansion-2.0.1.tgz. Extracting by manifest.
274 silly tarball no local data for minimatch@https://registry.npmjs.org/minimatch/-/minimatch-9.0.3.tgz. Extracting by manifest.
275 silly tarball no local data for @typescript-eslint/typescript-estree@https://registry.npmjs.org/@typescript-eslint/typescript-estree/-/typescript-estree-6.21.0.tgz. Extracting by manifest.
276 silly tarball no local data for @typescript-eslint/types@https://registry.npmjs.org/@typescript-eslint/types/-/types-6.21.0.tgz. Extracting by manifest.
277 silly tarball no local data for @typescript-eslint/visitor-keys@https://registry.npmjs.org/@typescript-eslint/visitor-keys/-/visitor-keys-6.21.0.tgz. Extracting by manifest.
278 silly tarball no local data for @typescript-eslint/type-utils@https://registry.npmjs.org/@typescript-eslint/type-utils/-/type-utils-6.21.0.tgz. Extracting by manifest.
279 silly tarball no local data for @typescript-eslint/utils@https://registry.npmjs.org/@typescript-eslint/utils/-/utils-6.21.0.tgz. Extracting by manifest.
280 silly tarball no local data for @typescript-eslint/scope-manager@https://registry.npmjs.org/@typescript-eslint/scope-manager/-/scope-manager-6.21.0.tgz. Extracting by manifest.
281 silly tarball no local data for @typescript-eslint/parser@https://registry.npmjs.org/@typescript-eslint/parser/-/parser-6.21.0.tgz. Extracting by manifest.
282 silly tarball no local data for @typescript-eslint/eslint-plugin@https://registry.npmjs.org/@typescript-eslint/eslint-plugin/-/eslint-plugin-6.21.0.tgz. Extracting by manifest.
283 silly tarball no local data for eslint-plugin-react-hooks@https://registry.npmjs.org/eslint-plugin-react-hooks/-/eslint-plugin-react-hooks-4.6.2.tgz. Extracting by manifest.
284 http fetch POST 200 https://registry.npmjs.org/-/npm/v1/security/advisories/bulk 496ms
285 silly audit report {}
286 http fetch GET 200 https://registry.npmjs.org/path-type/-/path-type-4.0.0.tgz 1470ms (cache miss)
287 http fetch GET 200 https://registry.npmjs.org/@types/semver/-/semver-7.5.8.tgz 1476ms (cache miss)
288 http fetch GET 200 https://registry.npmjs.org/@types/json-schema/-/json-schema-7.0.15.tgz 1483ms (cache miss)
289 http fetch GET 200 https://registry.npmjs.org/builtins/-/builtins-5.1.0.tgz 1439ms (cache miss)
290 http fetch GET 200 https://registry.npmjs.org/dir-glob/-/dir-glob-3.0.1.tgz 1479ms (cache miss)
291 http fetch GET 200 https://registry.npmjs.org/array-union/-/array-union-2.1.0.tgz 1478ms (cache miss)
292 http fetch GET 200 https://registry.npmjs.org/slash/-/slash-3.0.0.tgz 1485ms (cache miss)
293 http fetch GET 200 https://registry.npmjs.org/eslint-plugin-prettier/-/eslint-plugin-prettier-5.2.1.tgz 1429ms (cache miss)
294 http fetch GET 200 https://registry.npmjs.org/eslint-config-standard/-/eslint-config-standard-17.1.0.tgz 1446ms (cache miss)
295 http fetch GET 200 https://registry.npmjs.org/eslint-config-prettier/-/eslint-config-prettier-9.1.0.tgz 1592ms (cache miss)
296 http fetch GET 200 https://registry.npmjs.org/brace-expansion/-/brace-expansion-2.0.1.tgz 1610ms (cache miss)
297 http fetch GET 200 https://registry.npmjs.org/@typescript-eslint/visitor-keys/-/visitor-keys-6.21.0.tgz 1632ms (cache miss)
298 http fetch GET 200 https://registry.npmjs.org/is-builtin-module/-/is-builtin-module-3.2.1.tgz 1709ms (cache miss)
299 http fetch GET 200 https://registry.npmjs.org/builtin-modules/-/builtin-modules-3.3.0.tgz 2044ms (cache miss)
300 http fetch GET 200 https://registry.npmjs.org/globby/-/globby-11.1.0.tgz 2139ms (cache miss)
301 http fetch GET 200 https://registry.npmjs.org/@rocketseat/eslint-config/-/eslint-config-2.2.2.tgz 2079ms (cache miss)
302 http fetch GET 200 https://registry.npmjs.org/fast-diff/-/fast-diff-1.3.0.tgz 2144ms (cache miss)
303 http fetch GET 200 https://registry.npmjs.org/@pkgr/core/-/core-0.1.1.tgz 2223ms (cache miss)
304 http fetch GET 200 https://registry.npmjs.org/@typescript-eslint/parser/-/parser-6.21.0.tgz 2309ms (cache miss)
305 http fetch GET 200 https://registry.npmjs.org/prettier-linter-helpers/-/prettier-linter-helpers-1.0.0.tgz 2473ms (cache miss)
306 http fetch GET 200 https://registry.npmjs.org/synckit/-/synckit-0.9.2.tgz 2535ms (cache miss)
307 http fetch GET 200 https://registry.npmjs.org/eslint-plugin-react-hooks/-/eslint-plugin-react-hooks-4.6.2.tgz 3054ms (cache miss)
308 http fetch GET 200 https://registry.npmjs.org/@typescript-eslint/types/-/types-6.21.0.tgz 3903ms (cache miss)
309 http fetch GET 200 https://registry.npmjs.org/@emnapi/runtime/-/runtime-1.3.1.tgz 4050ms (cache miss)
310 http fetch GET 200 https://registry.npmjs.org/eslint-plugin-promise/-/eslint-plugin-promise-6.6.0.tgz 4135ms (cache miss)
311 http fetch GET 200 https://registry.npmjs.org/eslint-compat-utils/-/eslint-compat-utils-0.5.1.tgz 4273ms (cache miss)
312 http fetch GET 200 https://registry.npmjs.org/minimatch/-/minimatch-9.0.3.tgz 5248ms (cache miss)
313 http fetch GET 200 https://registry.npmjs.org/@typescript-eslint/type-utils/-/type-utils-6.21.0.tgz 5568ms (cache miss)
314 http fetch GET 200 https://registry.npmjs.org/eslint-plugin-n/-/eslint-plugin-n-16.6.2.tgz 6533ms (cache miss)
315 http fetch GET 200 https://registry.npmjs.org/@typescript-eslint/utils/-/utils-6.21.0.tgz 7909ms (cache miss)
316 http fetch GET 200 https://registry.npmjs.org/@typescript-eslint/typescript-estree/-/typescript-estree-6.21.0.tgz 8803ms (cache miss)
317 http fetch GET 200 https://registry.npmjs.org/prettier/-/prettier-3.3.3.tgz 9821ms (cache miss)
318 http fetch GET 200 https://registry.npmjs.org/eslint-plugin-es-x/-/eslint-plugin-es-x-7.8.0.tgz 11059ms (cache miss)
319 http fetch GET 200 https://registry.npmjs.org/@typescript-eslint/scope-manager/-/scope-manager-6.21.0.tgz 12368ms (cache miss)
320 http fetch GET 200 https://registry.npmjs.org/@typescript-eslint/eslint-plugin/-/eslint-plugin-6.21.0.tgz 15976ms (cache miss)
321 silly ADD node_modules/@types/semver
322 silly ADD node_modules/@types/json-schema
323 silly ADD node_modules/path-type
324 silly ADD node_modules/slash
325 silly ADD node_modules/dir-glob
326 silly ADD node_modules/array-union
327 silly ADD node_modules/globby
328 silly ADD node_modules/@pkgr/core
329 silly ADD node_modules/fast-diff
330 silly ADD node_modules/builtin-modules
331 silly ADD node_modules/synckit
332 silly ADD node_modules/prettier-linter-helpers
333 silly ADD node_modules/eslint-compat-utils
334 silly ADD node_modules/is-builtin-module
335 silly ADD node_modules/eslint-plugin-es-x
336 silly ADD node_modules/builtins
337 silly ADD node_modules/prettier
338 silly ADD node_modules/eslint-plugin-promise
339 silly ADD node_modules/eslint-plugin-prettier
340 silly ADD node_modules/eslint-plugin-n
341 silly ADD node_modules/eslint-config-standard
342 silly ADD node_modules/eslint-config-prettier
343 silly ADD node_modules/@rocketseat/eslint-config
344 silly ADD node_modules/@rocketseat/eslint-config/node_modules/brace-expansion
345 silly ADD node_modules/@rocketseat/eslint-config/node_modules/minimatch
346 silly ADD node_modules/@rocketseat/eslint-config/node_modules/@typescript-eslint/typescript-estree
347 silly ADD node_modules/@rocketseat/eslint-config/node_modules/@typescript-eslint/types
348 silly ADD node_modules/@rocketseat/eslint-config/node_modules/@typescript-eslint/visitor-keys
349 silly ADD node_modules/@rocketseat/eslint-config/node_modules/@typescript-eslint/utils
350 silly ADD node_modules/@rocketseat/eslint-config/node_modules/@typescript-eslint/type-utils
351 silly ADD node_modules/@rocketseat/eslint-config/node_modules/@typescript-eslint/scope-manager
352 silly ADD node_modules/@rocketseat/eslint-config/node_modules/eslint-plugin-react-hooks
353 silly ADD node_modules/@rocketseat/eslint-config/node_modules/@typescript-eslint/parser
354 silly ADD node_modules/@rocketseat/eslint-config/node_modules/@typescript-eslint/eslint-plugin
355 silly ADD
356 silly ADD
357 silly ADD
358 silly ADD
359 silly ADD
360 silly ADD
361 silly ADD
362 silly ADD
363 silly ADD
364 silly ADD
365 silly ADD
366 silly ADD
367 silly ADD
368 silly ADD
369 silly ADD
370 silly ADD
371 silly ADD
372 silly ADD
373 silly ADD
374 silly ADD
375 silly ADD
376 silly ADD
377 silly ADD
378 silly ADD
379 silly ADD
380 silly ADD
381 silly ADD
382 verbose cwd C:\Users\tatii\OneDrive\Área de Trabalho\Meus Projetos\Ecommerce\my-store
383 verbose os Windows_NT 10.0.22631
384 verbose node v20.11.0
385 verbose npm  v10.9.0
386 verbose exit 0
387 info ok
