0 verbose cli C:\Program Files\nodejs\node.exe C:\Users\tatii\AppData\Roaming\npm\node_modules\npm\bin\npm-cli.js
1 info using npm@10.9.0
2 info using node@v20.11.0
3 silly config load:file:C:\Users\tatii\AppData\Roaming\npm\node_modules\npm\npmrc
4 silly config load:file:C:\Users\tatii\OneDrive\Área de Trabalho\Meus Projetos\Ecommerce\my-store\.npmrc
5 silly config load:file:C:\Users\tatii\.npmrc
6 silly config load:file:C:\Users\tatii\AppData\Roaming\npm\etc\npmrc
7 verbose title npm run fev
8 verbose argv "run" "fev"
9 verbose logfile logs-max:10 dir:C:\Users\tatii\OneDrive\Área de Trabalho\Meus Projetos\Ecommerce\my-store\clean\_logs\2025-02-03T17_27_25_366Z-
10 verbose logfile C:\Users\tatii\OneDrive\Área de Trabalho\Meus Projetos\Ecommerce\my-store\clean\_logs\2025-02-03T17_27_25_366Z-debug-0.log
11 silly logfile start cleaning logs, removing 2 files
12 verbose stack Error: Missing script: "fev"
12 verbose stack
12 verbose stack Did you mean this?
12 verbose stack   npm run dev # run the "dev" package script
12 verbose stack
12 verbose stack To see a list of scripts, run:
12 verbose stack   npm run
12 verbose stack     at #run (C:\Users\tatii\AppData\Roaming\npm\node_modules\npm\lib\commands\run-script.js:111:13)
12 verbose stack     at async RunScript.exec (C:\Users\tatii\AppData\Roaming\npm\node_modules\npm\lib\commands\run-script.js:40:7)
12 verbose stack     at async Npm.exec (C:\Users\tatii\AppData\Roaming\npm\node_modules\npm\lib\npm.js:207:9)
12 verbose stack     at async module.exports (C:\Users\tatii\AppData\Roaming\npm\node_modules\npm\lib\cli\entry.js:74:5)
13 error Missing script: "fev"
13 error
13 error Did you mean this?
13 error   npm run dev # run the "dev" package script
13 error
13 error To see a list of scripts, run:
13 error   npm run
14 verbose cwd C:\Users\tatii\OneDrive\Área de Trabalho\Meus Projetos\Ecommerce\my-store
15 verbose os Windows_NT 10.0.26100
16 verbose node v20.11.0
17 verbose npm  v10.9.0
18 verbose exit 1
19 verbose code 1
20 error A complete log of this run can be found in: C:\Users\tatii\OneDrive\Área de Trabalho\Meus Projetos\Ecommerce\my-store\clean\_logs\2025-02-03T17_27_25_366Z-debug-0.log
